🌐 i18next is maintained with support from Locize — consider powering your project with managed localization (AI, CDN, integrations): https://locize.com 💙
[2026-03-16T10:53:16.109Z] info  code-server 4.111.0 24ea70ac88a8a84d991d6ac7608f7fe5538c842a
[2026-03-16T10:53:16.109Z] info  Using user-data-dir /root/.local/share/code-server
[2026-03-16T10:53:16.121Z] info  Using config file /root/.config/code-server/config.yaml
[2026-03-16T10:53:16.121Z] info  HTTP server listening on http://127.0.0.1:8080/
[2026-03-16T10:53:16.121Z] info    - Authentication is enabled
[2026-03-16T10:53:16.121Z] info      - Using password from /root/.config/code-server/config.yaml
[2026-03-16T10:53:16.121Z] info    - Not serving HTTPS
[2026-03-16T10:53:16.121Z] info  Session server listening on /root/.local/share/code-server/code-server-ipc.sock
🌐 i18next is maintained with support from Locize — consider powering your project with managed localization (AI, CDN, integrations): https://locize.com 💙
[2026-03-16T10:56:01.189Z] info  code-server 4.111.0 24ea70ac88a8a84d991d6ac7608f7fe5538c842a
[2026-03-16T10:56:01.190Z] info  Using user-data-dir /root/.local/share/code-server
[2026-03-16T10:56:01.201Z] info  Using config file /root/.config/code-server/config.yaml
[2026-03-16T10:56:01.201Z] info  HTTP server listening on http://127.0.0.1:8080/
[2026-03-16T10:56:01.201Z] info    - Authentication is enabled
[2026-03-16T10:56:01.201Z] info      - Using password from /root/.config/code-server/config.yaml
[2026-03-16T10:56:01.201Z] info    - Not serving HTTPS
[2026-03-16T10:56:01.201Z] info  Session server listening on /root/.local/share/code-server/code-server-ipc.sock
🌐 i18next is maintained with support from Locize — consider powering your project with managed localization (AI, CDN, integrations): https://locize.com 💙
[2026-03-16T10:56:24.767Z] info  code-server 4.111.0 24ea70ac88a8a84d991d6ac7608f7fe5538c842a
[2026-03-16T10:56:24.767Z] info  Using user-data-dir /root/.local/share/code-server
🌐 i18next is maintained with support from Locize — consider powering your project with managed localization (AI, CDN, integrations): https://locize.com 💙
[2026-03-16T13:35:20.325Z] info  code-server 4.111.0 24ea70ac88a8a84d991d6ac7608f7fe5538c842a
[2026-03-16T13:35:20.325Z] info  Using user-data-dir /root/.local/share/code-server
🌐 i18next is maintained with support from Locize — consider powering your project with managed localization (AI, CDN, integrations): https://locize.com 💙
[2026-03-16T17:38:59.254Z] info  code-server 4.111.0 24ea70ac88a8a84d991d6ac7608f7fe5538c842a
[2026-03-16T17:38:59.254Z] info  Using user-data-dir /root/.local/share/code-server
🌐 i18next is maintained with support from Locize — consider powering your project with managed localization (AI, CDN, integrations): https://locize.com 💙
[2026-03-16T17:43:14.583Z] info  code-server 4.111.0 24ea70ac88a8a84d991d6ac7608f7fe5538c842a
[2026-03-16T17:43:14.584Z] info  Using user-data-dir /root/.local/share/code-server
[2026-03-16T17:43:14.599Z] info  Using config file /root/.config/code-server/config.yaml
[2026-03-16T17:43:14.599Z] info  HTTP server listening on http://127.0.0.1:8080/
[2026-03-16T17:43:14.599Z] info    - Authentication is enabled
[2026-03-16T17:43:14.600Z] info      - Using password from /root/.config/code-server/config.yaml
[2026-03-16T17:43:14.600Z] info    - Not serving HTTPS
[2026-03-16T17:43:14.600Z] info  Session server listening on /root/.local/share/code-server/code-server-ipc.sock
🌐 i18next is maintained with support from Locize — consider powering your project with managed localization (AI, CDN, integrations): https://locize.com 💙
[2026-03-16T18:04:07.560Z] info  code-server 4.111.0 24ea70ac88a8a84d991d6ac7608f7fe5538c842a
[2026-03-16T18:04:07.561Z] info  Using user-data-dir /root/.local/share/code-server
